<?xml version="1.0" encoding="UTF-8"?>
<!-- Generated by org.testng.reporters.JUnitReportReporter -->
<testsuite hostname="DESKTOP-4E3E54Q" failures="0" tests="2" name="tests.demo" time="12.678" errors="0" timestamp="19 Jul 2024 19:26:45 GMT">
  <testcase classname="tests.demo" name="verifyLoggedInUser" time="7.463"/>
  <testcase classname="tests.demo" name="loginToVWO" time="5.215"/>
</testsuite> <!-- tests.demo -->
